[    0.000000] Linux version 4.15.0-58-generic (buildd@lcy01-amd64-013) (gcc version 7.4.0 (Ubuntu 7.4.0-1ubuntu1~18.04.1)) #64-Ubuntu SMP Tue Aug 6 11:12:41 UTC 2019 (Ubuntu 4.15.0-58.64-generic 4.15.18)
[    0.000000] Command line: BOOT_IMAGE=/boot/vmlinuz-4.15.0-58-generic root=UUID=20f85cd4-a3c8-403e-9a26-60f1ad29a325 ro console=tty1 console=ttyS0
[    0.000000] KERNEL supported cpus:
[    0.000000]   Intel GenuineIntel
[    0.000000]   AMD AuthenticAMD
[    0.000000]   Centaur CentaurHauls
[    0.000000] x86/fpu: Supporting XSAVE feature 0x001: 'x87 floating point registers'
[    0.000000] x86/fpu: Supporting XSAVE feature 0x002: 'SSE registers'
[    0.000000] x86/fpu: Supporting XSAVE feature 0x004: 'AVX registers'
[    0.000000] x86/fpu: xstate_offset[2]:  576, xstate_sizes[2]:  256
[    0.000000] x86/fpu: Enabled xstate features 0x7, context size is 832 bytes, using 'standard' format.
[    0.000000] e820: BIOS-provided physical RAM map:
[    0.000000] BIOS-e820: [mem 0x0000000000000000-0x000000000009fbff] usable
[    0.000000] BIOS-e820: [mem 0x000000000009fc00-0x000000000009ffff] reserved
[    0.000000] BIOS-e820: [mem 0x00000000000f0000-0x00000000000fffff] reserved
[    0.000000] BIOS-e820: [mem 0x0000000000100000-0x000000003ffeffff] usable
[    0.000000] BIOS-e820: [mem 0x000000003fff0000-0x000000003fffffff] ACPI data
[    0.000000] BIOS-e820: [mem 0x00000000fec00000-0x00000000fec00fff] reserved
[    0.000000] BIOS-e820: [mem 0x00000000fee00000-0x00000000fee00fff] reserved
[    0.000000] BIOS-e820: [mem 0x00000000fffc0000-0x00000000ffffffff] reserved
[    0.000000] NX (Execute Disable) protection: active
[    0.000000] SMBIOS 2.5 present.
[    0.000000] DMI: innotek GmbH VirtualBox/VirtualBox, BIOS VirtualBox 12/01/2006
[    0.000000] Hypervisor detected: KVM
[    0.000000] e820: last_pfn = 0x3fff0 max_arch_pfn = 0x400000000
[    0.000000] MTRR: Disabled
[    0.000000] x86/PAT: MTRRs disabled, skipping PAT initialization too.
[    0.000000] CPU MTRRs all blank - virtualized system.
[    0.000000] x86/PAT: Configuration [0-7]: WB  WT  UC- UC  WB  WT  UC- UC  
[    0.000000] found SMP MP-table at [mem 0x0009fff0-0x0009ffff] mapped at [        (ptrval)]
[    0.000000] Scanning 1 areas for low memory corruption
[    0.000000] RAMDISK: [mem 0x35981000-0x36cb7fff]
[    0.000000] ACPI: Early table checksum verification disabled
[    0.000000] ACPI: RSDP 0x00000000000E0000 000024 (v02 VBOX  )
[    0.000000] ACPI: XSDT 0x000000003FFF0030 00003C (v01 VBOX   VBOXXSDT 00000001 ASL  00000061)
[    0.000000] ACPI: FACP 0x000000003FFF00F0 0000F4 (v04 VBOX   VBOXFACP 00000001 ASL  00000061)
[    0.000000] ACPI: DSDT 0x000000003FFF0470 0021FF (v02 VBOX   VBOXBIOS 00000002 INTL 20100528)
[    0.000000] ACPI: FACS 0x000000003FFF0200 000040
[    0.000000] ACPI: FACS 0x000000003FFF0200 000040
[    0.000000] ACPI: APIC 0x000000003FFF0240 00005C (v02 VBOX   VBOXAPIC 00000001 ASL  00000061)
[    0.000000] ACPI: SSDT 0x000000003FFF02A0 0001CC (v01 VBOX   VBOXCPUT 00000002 INTL 20100528)
[    0.000000] No NUMA configuration found
[    0.000000] Faking a node at [mem 0x0000000000000000-0x000000003ffeffff]
[    0.000000] NODE_DATA(0) allocated [mem 0x3ffc5000-0x3ffeffff]
[    0.000000] kvm-clock: cpu 0, msr 0:3ff44001, primary cpu clock
[    0.000000] kvm-clock: Using msrs 4b564d01 and 4b564d00
[    0.000000] kvm-clock: using sched offset of 5762040954 cycles
[    0.000000] clocksource: kvm-clock: mask: 0xffffffffffffffff max_cycles: 0x1cd42e4dffb, max_idle_ns: 881590591483 ns
[    0.000000] Zone ranges:
[    0.000000]   DMA      [mem 0x0000000000001000-0x0000000000ffffff]
[    0.000000]   DMA32    [mem 0x0000000001000000-0x000000003ffeffff]
[    0.000000]   Normal   empty
[    0.000000]   Device   empty
[    0.000000] Movable zone start for each node
[    0.000000] Early memory node ranges
[    0.000000]   node   0: [mem 0x0000000000001000-0x000000000009efff]
[    0.000000]   node   0: [mem 0x0000000000100000-0x000000003ffeffff]
[    0.000000] Reserved but unavailable: 98 pages
[    0.000000] Initmem setup node 0 [mem 0x0000000000001000-0x000000003ffeffff]
[    0.000000] ACPI: PM-Timer IO Port: 0x4008
[    0.000000] IOAPIC[0]: apic_id 2, version 32, address 0xfec00000, GSI 0-23
[    0.000000] ACPI: INT_SRC_OVR (bus 0 bus_irq 0 global_irq 2 dfl dfl)
[    0.000000] ACPI: INT_SRC_OVR (bus 0 bus_irq 9 global_irq 9 low level)
[    0.000000] Using ACPI (MADT) for SMP configuration information
[    0.000000] smpboot: Allowing 2 CPUs, 0 hotplug CPUs
[    0.000000] PM: Registered nosave memory: [mem 0x00000000-0x00000fff]
[    0.000000] PM: Registered nosave memory: [mem 0x0009f000-0x0009ffff]
[    0.000000] PM: Registered nosave memory: [mem 0x000a0000-0x000effff]
[    0.000000] PM: Registered nosave memory: [mem 0x000f0000-0x000fffff]
[    0.000000] e820: [mem 0x40000000-0xfebfffff] available for PCI devices
[    0.000000] Booting paravirtualized kernel on KVM
[    0.000000] clocksource: refined-jiffies: mask: 0xffffffff max_cycles: 0xffffffff, max_idle_ns: 7645519600211568 ns
[    0.000000] random: get_random_bytes called from start_kernel+0x99/0x4fd with crng_init=0
[    0.000000] setup_percpu: NR_CPUS:8192 nr_cpumask_bits:2 nr_cpu_ids:2 nr_node_ids:1
[    0.000000] percpu: Embedded 46 pages/cpu @        (ptrval) s151552 r8192 d28672 u1048576
[    0.000000] PV qspinlock hash table entries: 256 (order: 0, 4096 bytes)
[    0.000000] Built 1 zonelists, mobility grouping on.  Total pages: 257913
[    0.000000] Policy zone: DMA32
[    0.000000] Kernel command line: BOOT_IMAGE=/boot/vmlinuz-4.15.0-58-generic root=UUID=20f85cd4-a3c8-403e-9a26-60f1ad29a325 ro console=tty1 console=ttyS0
[    0.000000] Memory: 982920K/1048120K available (12300K kernel code, 2478K rwdata, 4280K rodata, 2424K init, 2384K bss, 65200K reserved, 0K cma-reserved)
[    0.000000] SLUB: HWalign=64, Order=0-3, MinObjects=0, CPUs=2, Nodes=1
[    0.000000] Kernel/User page tables isolation: enabled
[    0.000000] ftrace: allocating 39243 entries in 154 pages
[    0.004000] Hierarchical RCU implementation.
[    0.004000] 	RCU restricting CPUs from NR_CPUS=8192 to nr_cpu_ids=2.
[    0.004000] 	Tasks RCU enabled.
[    0.004000] RCU: Adjusting geometry for rcu_fanout_leaf=16, nr_cpu_ids=2
[    0.004000] NR_IRQS: 524544, nr_irqs: 440, preallocated irqs: 16
[    0.004000] Console: colour VGA+ 80x25
[    0.004000] console [tty1] enabled
[    0.004000] console [ttyS0] enabled
[    0.004000] ACPI: Core revision 20170831
[    0.004000] ACPI: 2 ACPI AML tables successfully acquired and loaded
[    0.004000] APIC: Switch to symmetric I/O mode setup
[    0.004749] x2apic enabled
[    0.008011] Switched APIC routing to physical x2apic.
[    0.015960] ..TIMER: vector=0x30 apic1=0 pin1=2 apic2=-1 pin2=-1
[    0.016005] tsc: Detected 2494.236 MHz processor
[    0.020015] Calibrating delay loop (skipped) preset value.. 4988.47 BogoMIPS (lpj=9976944)
[    0.024010] pid_max: default: 32768 minimum: 301
[    0.028097] Security Framework initialized
[    0.032007] Yama: becoming mindful.
[    0.033632] AppArmor: AppArmor initialized
[    0.036294] Dentry cache hash table entries: 131072 (order: 8, 1048576 bytes)
[    0.040148] Inode-cache hash table entries: 65536 (order: 7, 524288 bytes)
[    0.044039] Mount-cache hash table entries: 2048 (order: 2, 16384 bytes)
[    0.048018] Mountpoint-cache hash table entries: 2048 (order: 2, 16384 bytes)
[    0.051579] mce: CPU supports 0 MCE banks
[    0.052034] Last level iTLB entries: 4KB 1024, 2MB 1024, 4MB 1024
[    0.054391] Last level dTLB entries: 4KB 1024, 2MB 1024, 4MB 1024, 1GB 4
[    0.056007] Spectre V1 : Mitigation: usercopy/swapgs barriers and __user pointer sanitization
[    0.060005] Spectre V2 : Mitigation: Full generic retpoline
[    0.061714] Spectre V2 : Spectre v2 / SpectreRSB mitigation: Filling RSB on context switch
[    0.064003] Speculative Store Bypass: Vulnerable
[    0.065564] MDS: Vulnerable: Clear CPU buffers attempted, no microcode
[    0.068333] Freeing SMP alternatives memory: 36K
[    0.072000] smpboot: CPU0: Intel(R) Core(TM) i5-4200M CPU @ 2.50GHz (family: 0x6, model: 0x3c, stepping: 0x3)
[    0.072145] Performance Events: unsupported p6 CPU model 60 no PMU driver, software events only.
[    0.076073] Hierarchical SRCU implementation.
[    0.080192] NMI watchdog: Perf event create on CPU 0 failed with -2
[    0.082082] NMI watchdog: Perf NMI watchdog permanently disabled
[    0.084076] smp: Bringing up secondary CPUs ...
[    0.085664] x86: Booting SMP configuration:
[    0.087031] .... node  #0, CPUs:      #1
[    0.004000] kvm-clock: cpu 1, msr 0:3ff44041, secondary cpu clock
[    0.004000] mce: CPU supports 0 MCE banks
[    0.102381] smp: Brought up 1 node, 2 CPUs
[    0.104006] smpboot: Max logical packages: 1
[    0.108006] smpboot: Total of 2 processors activated (9976.94 BogoMIPS)
[    0.112084] devtmpfs: initialized
[    0.113350] x86/mm: Memory block size: 128MB
[    0.115171] evm: security.selinux
[    0.116000] evm: security.SMACK64
[    0.116006] evm: security.SMACK64EXEC
[    0.117234] evm: security.SMACK64TRANSMUTE
[    0.120007] evm: security.SMACK64MMAP
[    0.124004] evm: security.apparmor
[    0.128006] evm: security.ima
[    0.132004] evm: security.capability
[    0.133662] clocksource: jiffies: mask: 0xffffffff max_cycles: 0xffffffff, max_idle_ns: 7645041785100000 ns
[    0.136015] futex hash table entries: 512 (order: 3, 32768 bytes)
[    0.140145] pinctrl core: initialized pinctrl subsystem
[    0.148215] RTC time: 23:16:20, date: 01/12/20
[    0.152267] NET: Registered protocol family 16
[    0.156264] audit: initializing netlink subsys (disabled)
[    0.157966] audit: type=2000 audit(1578870982.292:1): state=initialized audit_enabled=0 res=1
[    0.164014] cpuidle: using governor ladder
[    0.168026] cpuidle: using governor menu
[    0.172176] ACPI: bus type PCI registered
[    0.176006] acpiphp: ACPI Hot Plug PCI Controller Driver version: 0.5
[    0.180247] PCI: Using configuration type 1 for base access
[    0.188141] HugeTLB registered 2.00 MiB page size, pre-allocated 0 pages
[    0.192204] ACPI: Added _OSI(Module Device)
[    0.196023] ACPI: Added _OSI(Processor Device)
[    0.200019] ACPI: Added _OSI(3.0 _SCP Extensions)
[    0.202010] ACPI: Added _OSI(Processor Aggregator Device)
[    0.204010] ACPI: Added _OSI(Linux-Dell-Video)
[    0.208005] ACPI: Added _OSI(Linux-Lenovo-NV-HDMI-Audio)
[    0.209763] ACPI: Added _OSI(Linux-HPI-Hybrid-Graphics)
[    0.212482] ACPI: Executed 1 blocks of module-level executable AML code
[    0.227917] ACPI: Interpreter enabled
[    0.228032] ACPI: (supports S0 S5)
[    0.229197] ACPI: Using IOAPIC for interrupt routing
[    0.232055] PCI: Using host bridge windows from ACPI; if necessary, use "pci=nocrs" and report a bug
[    0.236485] ACPI: Enabled 2 GPEs in block 00 to 07
[    0.263612] ACPI: PCI Root Bridge [PCI0] (domain 0000 [bus 00-ff])
[    0.264023] acpi PNP0A03:00: _OSC: OS supports [ASPM ClockPM Segments MSI]
[    0.268081] acpi PNP0A03:00: _OSC: not requesting OS control; OS requires [ExtendedConfig ASPM ClockPM MSI]
[    0.272037] acpi PNP0A03:00: fail to add MMCONFIG information, can't access extended PCI configuration space under this bridge.
[    0.276819] PCI host bridge to bus 0000:00
[    0.278250] pci_bus 0000:00: root bus resource [io  0x0000-0x0cf7 window]
[    0.280012] pci_bus 0000:00: root bus resource [io  0x0d00-0xffff window]
[    0.284010] pci_bus 0000:00: root bus resource [mem 0x000a0000-0x000bffff window]
[    0.288010] pci_bus 0000:00: root bus resource [mem 0x40000000-0xfdffffff window]
[    0.292006] pci_bus 0000:00: root bus resource [bus 00-ff]
[    0.298844] pci 0000:00:01.1: legacy IDE quirk: reg 0x10: [io  0x01f0-0x01f7]
[    0.300005] pci 0000:00:01.1: legacy IDE quirk: reg 0x14: [io  0x03f6]
[    0.304005] pci 0000:00:01.1: legacy IDE quirk: reg 0x18: [io  0x0170-0x0177]
[    0.306156] pci 0000:00:01.1: legacy IDE quirk: reg 0x1c: [io  0x0376]
[    0.333662] pci 0000:00:07.0: quirk: [io  0x4000-0x403f] claimed by PIIX4 ACPI
[    0.336049] pci 0000:00:07.0: quirk: [io  0x4100-0x410f] claimed by PIIX4 SMB
[    0.356571] ACPI: PCI Interrupt Link [LNKA] (IRQs 5 9 10 *11)
[    0.361156] ACPI: PCI Interrupt Link [LNKB] (IRQs 5 9 *10 11)
[    0.364359] ACPI: PCI Interrupt Link [LNKC] (IRQs 5 *9 10 11)
[    0.368334] ACPI: PCI Interrupt Link [LNKD] (IRQs 5 9 10 *11)
[    0.372844] SCSI subsystem initialized
[    0.380106] pci 0000:00:02.0: vgaarb: setting as boot VGA device
[    0.382208] pci 0000:00:02.0: vgaarb: VGA device added: decodes=io+mem,owns=io+mem,locks=none
[    0.384014] pci 0000:00:02.0: vgaarb: bridge control possible
[    0.388006] vgaarb: loaded
[    0.392075] ACPI: bus type USB registered
[    0.393448] usbcore: registered new interface driver usbfs
[    0.396021] usbcore: registered new interface driver hub
[    0.397761] usbcore: registered new device driver usb
[    0.400100] EDAC MC: Ver: 3.0.0
[    0.401492] PCI: Using ACPI for IRQ routing
[    0.404463] NetLabel: Initializing
[    0.408005] NetLabel:  domain hash size = 128
[    0.412004] NetLabel:  protocols = UNLABELED CIPSOv4 CALIPSO
[    0.416039] NetLabel:  unlabeled traffic allowed by default
[    0.417908] clocksource: Switched to clocksource kvm-clock
[   0.6298 VS:Dik uoasdqot_6.60
[   1.029113] FS Duo-cch hshtaleenris:512 (order 0, 4096 bytes)
[    1.559147] AppArmor: AppArmor Filesystem Enabled
[    1.560669] pnp: PnP ACPI init
[    1.564498] pnp: PnP ACPI: found 3 devices

[   .5966]clckouce apipm mask:0xffffma_ccls:0xffff, max_idlens: 2085701024 ns

[    2.422654] NET: Registered protocol family 2
[    242349] TCP established hash table entries: 8192 (order: 4, 65536 bytes)
[    2.509895] TCP bind hash table entries: 8192 (order: 5, 131072 bytes)
[    2.512617] TCP: Hash tables configured (established 8192 bind 8192)
[   2.515233] UDP hash table entries: 512 (order: 2, 16384 bytes)
[   .5479]UD-Ltehah abe nties: 512 (rdr:2,1684byes
   33160] ET Rgistered protoco family 1
   3.6104]pc 0000:00:00.0: Limiting direct PCI/PCI transfers
[    3.859944] pci 0000:00:01.0: Activating ISA DMA hang workarounds

[    3.861912] pci 0000:00:02.0: Video device with shadowed ROM at [mem 0x000c0000-0x000dffff]
[    3.864734] Unpacking initramfs...
[    4.593791] Freeing initrd memory: 19676K
[    4.625503] clocksource: tsc: mask: 0xffffffffffffffff max_cycles: 0x23f3f4aee88, max_idle_ns: 440795261827 ns
[    4.628594] platform rtc_cmos: registered platform RTC device (no PNP device found)
[    4.631073] Scanning for low memory corruption every 60 seconds
[    4.634082] Initialise system trusted keyrings
[    4.662060] Key type blacklist registered
[    4.671540] workingset: timestamp_bits=36 max_order=18 bucket_order=0
[    4.716617] zbud: loaded
[    4.739381] squashfs: version 4.0 (2009/01/31) Phillip Lougher
[    4.742209] fuse init (API version 7.26)
[    4.751003] Key type asymmetric registered
[    4.776818] Asymmetric key parser 'x509' registered
[    4.799831] Block layer SCSI generic (bsg) driver version 0.4 loaded (major 246)
[    4.803023] io scheduler noop registered
[    4.804304] io scheduler deadline registered
[    4.851581] io scheduler cfq registered (default)
[    4.880157] ACPI: AC Adapter [AC] (on-line)
[    4.901888] input: Power Button as /devices/LNXSYSTM:00/LNXPWRBN:00/input/input0
[    4.917506] ACPI: Power Button [PWRF]
[    4.955072] input: Sleep Button as /devices/LNXSYSTM:00/LNXSLPBN:00/input/input1
[    4.975923] ACPI: Sleep Button [SLPF]
[    4.979978] ACPI: Battery Slot [BAT0] (battery present)
[    5.011715] Serial: 8250/16550 driver, 32 ports, IRQ sharing enabled
[   .0860]0002 tyS at I/O 0x3f8 (irq = 4, base_baud = 115200) is a 16550A

[    5.3627]Liux agpgart interface v0.103

[    5.535500] loop: module loaded
[    5.537725] scsi host0: ata_piix
[    5.539044] scsi host1: ata_piix
[    5.540241] ata1: PATA max UDMA/33 cmd 0x1f0 ctl 0x3f6 bmdma 0xd000 irq 14
[    5.542262] ata2: PATA max UDMA/33 cmd 0x170 ctl 0x376 bmdma 0xd008 irq 15
[    5.544492] libphy: Fixed MDIO Bus: probed
[    5.548845] tun: Universal TUN/TAP device driver, 1.6
[    5.553695] PPP generic driver version 2.4.2
[    5.555199] ehci_hcd: USB 2.0 'Enhanced' Host Controller (EHCI) Driver
[    5.577959] ehci-pci: EHCI PCI platform driver
[    5.579436] ehci-platform: EHCI generic platform driver
[    5.581116] ohci_hcd: USB 1.1 'Open' Host Controller (OHCI) Driver
[    5.582982] ohci-pci: OHCI PCI platform driver
[    5.584463] ohci-platform: OHCI generic platform driver
[    5.628712] uhci_hcd: USB Universal Host Controller Interface driver
[    5.646813] i8042: PNP: PS/2 Controller [PNP0303:PS2K,PNP0f03:PS2M] at 0x60,0x64 irq 1,12
[    5.656530] serio: i8042 KBD port at 0x60,0x64 irq 1
[    5.693208] serio: i8042 AUX port at 0x60,0x64 irq 12
[    5.695108] mousedev: PS/2 mouse device common for all mice
[    5.706078] input: AT Translated Set 2 keyboard as /devices/platform/i8042/serio0/input/input2
[    5.708080] rtc_cmos rtc_cmos: rtc core: registered rtc_cmos as rtc0
[    5.734239] rtc_cmos rtc_cmos: alarms up to one day, 114 bytes nvram
[    5.742993] i2c /dev entries driver
[    5.744292] device-mapper: uevent: version 1.0.3
[    5.746007] device-mapper: ioctl: 4.37.0-ioctl (2017-09-20) initialised: dm-devel@redhat.com
[    5.748748] ledtrig-cpu: registered to indicate activity on CPUs
[    5.751617] NET: Registered protocol family 10
[    5.759711] Segment Routing with IPv6
[    5.763966] NET: Registered protocol family 17
[    5.765528] Key type dns_resolver registered
[    5.767399] RAS: Correctable Errors collector initialized.
[    5.769203] sched_clock: Marking stable (5769167855, 0)->(11969867363, -6200699508)
[    5.786384] registered taskstats version 1
[    5.787781] Loading compiled-in X.509 certificates
[    5.793937] Loaded X.509 cert 'Build time autogenerated kernel key: e343dd3e31c9820cf0adf0156bc2eecdcfc394af'
[    5.820945] zswap: loaded using pool lzo/zbud
[    5.829469] Key type big_key registered
[    5.835428] Key type trusted registered
[    5.842928] Key type encrypted registered
[    5.853158] AppArmor: AppArmor sha1 policy hashing enabled
[    5.856192] ima: No TPM chip found, activating TPM-bypass! (rc=-19)
[    5.858807] ima: Allocated hash algorithm: sha1
[    5.861009] evm: HMAC attrs: 0x1
[    5.864035]   Magic number: 4:32:302
[    5.865821] tty tty31: hash matches
[    5.867630] rtc_cmos rtc_cmos: setting system clock to 2020-01-12 23:16:26 UTC (1578870986)
[    5.873669] BIOS EDD facility v0.16 2004-Jun-25, 0 devices found
[    5.878815] EDD information not available.
[    5.897322] Freeing unused kernel image memory: 2424K
[    5.912714] Write protecting the kernel read-only data: 20480k
[    5.917729] Freeing unused kernel image memory: 2008K
[    5.919919] Freeing unused kernel image memory: 1864K
[    5.956680] x86/mm: Checked W+X mappings: passed, no W+X pages found.
[    6.025743] x86/mm: Checking user space page tables
[    6.091346] x86/mm: Checked W+X mappings: passed, no W+X pages found.
Loading, please wait...
starting version 237
[    6.279945] Fusion MPT base driver 3.04.20
[    6.283409] Copyright (c) 1999-2008 LSI Corporation
[    6.325053] e1000: Intel(R) PRO/1000 Network Driver - version 7.3.21-k8-NAPI
[    6.334333] e1000: Copyright (c) 1999-2006 Intel Corporation.
[    6.372658] Fusion MPT SPI Host driver 3.04.20
[    6.394482] AVX2 version of gcm_enc/dec engaged.
[    6.417616] AES CTR mode by8 optimization enabled
[    6.546569] input: ImExPS/2 Generic Explorer Mouse as /devices/platform/i8042/serio1/input/input4
[    6.849118] e1000 0000:00:03.0 eth0: (PCI:33MHz:32-bit) 02:9b:34:e4:fb:b3
[    6.880630] e1000 0000:00:03.0 eth0: Intel(R) PRO/1000 Network Connection
[    6.908678] mptbase: ioc0: Initiating bringup
[    6.908890] e1000 0000:00:03.0 enp0s3: renamed from eth0
[    7.016955] ioc0: LSI53C1030 A0: Capabilities={Initiator}
[    7.271173] scsi host2: ioc0: LSI53C1030 A0, FwRev=00000000h, Ports=1, MaxQ=256, IRQ=20
[    7.510908] scsi 2:0:0:0: Direct-Access     VBOX     HARDDISK         1.0  PQ: 0 ANSI: 5
[    7.576617] scsi target2:0:0: Beginning Domain Validation
[    7.585500] scsi target2:0:0: Domain Validation skipping write tests
[    7.588715] scsi target2:0:0: Ending Domain Validation
[    7.633505] scsi target2:0:0: asynchronous
[    7.670127] scsi 2:0:1:0: Direct-Access     VBOX     HARDDISK         1.0  PQ: 0 ANSI: 5
[    7.752029] scsi target2:0:1: Beginning Domain Validation
[    7.759265] random: fast init done
[    8.105656] scsi target2:0:1: Domain Validation skipping write tests
[    8.108256] scsi target2:0:1: Ending Domain Validation
[    8.110779] scsi target2:0:1: asynchronous
[    8.121461] random: systemd-udevd: uninitialized urandom read (16 bytes read)
[    8.138191] random: systemd-udevd: uninitialized urandom read (16 bytes read)
[    8.138229] sd 2:0:0:0: Attached scsi generic sg0 type 0
[    8.151148] random: systemd-udevd: uninitialized urandom read (16 bytes read)
[    8.162202] sd 2:0:0:0: [sda] 20971520 512-byte logical blocks: (10.7 GB/10.0 GiB)
[    8.166682] sd 2:0:1:0: Attached scsi generic sg1 type 0
[    8.182182] sd 2:0:0:0: [sda] Write Protect is off
[    8.183858] sd 2:0:1:0: [sdb] 20480 512-byte logical blocks: (10.5 MB/10.0 MiB)
[    8.186361] sd 2:0:1:0: [sdb] Write Protect is off
[    8.187896] sd 2:0:0:0: [sda] Incomplete mode parameter data
[    8.191048] sd 2:0:0:0: [sda] Assuming drive cache: write through
[    8.191153] sd 2:0:1:0: [sdb] Incomplete mode parameter data
[    8.198940] sd 2:0:1:0: [sdb] Assuming drive cache: write through
[    8.222646]  sda: sda1
[    8.227358] sd 2:0:0:0: [sda] Attached SCSI disk
[    8.239890] sd 2:0:1:0: [sdb] Attached SCSI disk
Begin: Loading essential drivers ... [   10.412120] raid6: sse2x1   gen()  2369 MB/s
[   10.464856] raid6: sse2x1   xor()  1558 MB/s
[   10.544022] raid6: sse2x2   gen()  5875 MB/s
[   10.596667] raid6: sse2x2   xor()  2623 MB/s
[   10.692321] raid6: sse2x4   gen()  6090 MB/s
[   10.764581] raid6: sse2x4   xor()  3769 MB/s
[   10.856037] raid6: avx2x1   gen()  5117 MB/s
[   10.944223] raid6: avx2x1   xor()  2798 MB/s
[   11.032112] raid6: avx2x2   gen()  9962 MB/s
[   11.124852] raid6: avx2x2   xor()  5391 MB/s
[   11.180502] raid6: avx2x4   gen() 13074 MB/s
[   11.268353] raid6: avx2x4   xor()  7708 MB/s
[   11.289016] raid6: using algorithm avx2x4 gen() 13074 MB/s
[   11.290693] raid6: .... xor() 7708 MB/s, rmw enabled
[   11.294198] raid6: using avx2x2 recovery algorithm
[   11.297788] xor: automatically using best checksumming function   avx       
[   11.331937] async_tx: api initialized (async)
done.
Begin: Running /scripts/init-premount ... done.
Begin: Mounting root file system ... Begin: Running /scripts/local-top ... done.
Begin: Running /scripts/local-premount ... [   11.461778] Btrfs loaded, crc32c=crc32c-intel
Scanning for Btrfs filesystems
done.
Warning: fsck no[   11.533855] EXT4-fs (sda1): INFO: recovery required on readonly filesystem
t present, so skipping root file system
[   11.541498] EXT4-fs (sda1): write access will be enabled during recovery
[   11.704794] EXT4-fs (sda1): recovery complete
[   11.710254] EXT4-fs (sda1): mounted filesystem with ordered data mode. Opts: (null)
done.
Begin: Running /scripts/local-bottom ... done.
Begin: Running /scripts/init-bottom ... done.
[   13.024969] ip_tables: (C) 2000-2006 Netfilter Core Team
[   13.143447] systemd[1]: systemd 237 running in system mode. (+PAM +AUDIT +SELINUX +IMA +APPARMOR +SMACK +SYSVINIT +UTMP +LIBCRYPTSETUP +GCRYPT +GNUTLS +ACL +XZ +LZ4 +SECCOMP +BLKID +ELFUTILS +KMOD -IDN2 +IDN -PCRE2 default-hierarchy=hybrid)
[   13.220973] systemd[1]: Detected virtualization oracle.
[   13.222662] systemd[1]: Detected architecture x86-64.

Welcome to [1mUbuntu 18.04.2 LTS[0m!

[   13.276433] systemd[1]: Set hostname to <ubuntu-bionic>.
[   14.021762] random: crng init done
[   14.032404] random: 7 urandom warning(s) missed due to ratelimiting
[   15.446923] systemd[1]: Reached target User and Group Name Lookups.
[[0;32m  OK  [0m] Reached target User and Group Name Lookups.
[   15.460569] systemd[1]: Started Forward Password Requests to Wall Directory Watch.
[[0;32m  OK  [0m] Started Forward Password Requests to Wall Directory Watch.
[   15.466293] systemd[1]: Reached target Swap.
[[0;32m  OK  [0m] Reached target Swap.
[   15.469345] systemd[1]: Set up automount Arbitrary Executable File Formats File System Automount Point.
[[0;32m  OK  [0m] Set up automount Arbitrary Executab…rmats File System Automount Point.
[   15.476220] systemd[1]: Reached target System Time Synchronized.
[[0;32m  OK  [0m] Reached target System Time Synchronized.
[   15.486170] systemd[1]: Created slice User and Session Slice.
[[0;32m  OK  [0m] Created slice User and Session Slice.
[[0;32m  OK  [0m] Created slice System Slice.
[[0;32m  OK  [0m] Listening on /dev/initctl Compatibility Named Pipe.
[[0;32m  OK  [0m] Listening on Device-mapper event daemon FIFOs.
[[0;32m  OK  [0m] Listening on Journal Audit Socket.
[[0;32m  OK  [0m] Reached target Slices.
[[0;32m  OK  [0m] Listening on Journal Socket.
         Starting Load Kernel Modules...
         Starting Uncomplicated firewall...
         Mounting Kernel Debug File System...
[[0;32m  OK  [0m] Listening on udev Kernel Socket.
         Starting Remount Root and Kernel File Systems...
[   15.661100] Loading iSCSI transport class v2.0-870.
[[0;32m  OK  [0m] Listening on udev Control Socket.
         Starting udev Coldplug all Devices...
         Mounting POSIX Message Queue File System...
[[0;32m  OK  [0m] Listening on Network Service Netlink Socket.
[[0;32m  OK  [0m] Listening on[   16.605250] iscsi: registered transport (tcp)
 LVM2 poll daemon socket.
[[0;32m  OK  [0m] Listening on Journal Socket (/dev/log).
[[0;32m  OK  [0m] Listening on Syslog Socket.
         Mounting Huge Pages File System...
         Starting Set the console keyboard layout...
[[0;32m  OK  [0m] Listening on LVM2 metadata daemon socket.
[[0;32m  OK  [0m] Created slice system-serial\x2dgetty.slice.
         Starting Create list of required st…ce nodes for the current kernel...
         Starting Monitoring of LVM2 mirrors…ng dmeventd or progress polling...
         Starting Journal Service...
[[0;32m  OK  [0m] Started Uncomplicated firewall.
[[0;32m  OK  [0m] Started Create list of required sta…vice nodes for the current kernel.
         Starting Create Static Device Nodes in /dev...
[[0;32m  OK  [0m] Started udev Coldplug all Devices.
[[0;32m  OK  [0m] Started Create Static Device Nodes in /dev.
[[0;32m  OK  [0[   17.427848] iscsi: registered transport (iser)
m] Started Journal Service.
[[0;32m  OK  [0m] Started Load Kernel Modules.
         Starting Apply Kernel Variables...
         Mounting FUSE Control File System...
         Mounting Kernel Configuration File System...
[[0;32m  OK  [0m] Mounted Kernel Debug File System.
[[0;32m  OK  [0m] Mounted POSIX Message Queue File System.
[[0;32m  OK  [0m] Mounted Huge Pages File System.
[[0;32m  OK  [0m] Mounted FUSE Control File System.
[[0;32m  OK  [0m] Mounted Kernel Configuration File System.
[[0;32m  OK  [0m] Started LVM2 metadata daemon.
[[0;32m  OK  [0m] Started Remount Root and Kernel File Systems.
[[0;32m  OK  [0m] Started Apply Kernel Variables.
         Starting udev Kernel Device Manager...
         Starting Flush Journal to Persistent Storage...
         Starting Load/Save Random Seed...
[[0;32m  OK  [0m] Started Monitoring of LVM2 mirrors,…sing dmeventd or progress polling.
[[0;32m  OK  [0m] Started Load/Save Random Seed.
[[0;32m  OK  [0m] Started Set the console keyboard layout.
[[0;32m  OK  [0m] Reached target Local File Systems (Pre).
[[0;32m  OK  [0m] Reached target Local File Systems.
         Starting AppArmor initialization...
         Starting ebtables ruleset management...
         Starting Tell Plymouth To Write Out Runtime Data...
         Starting Set console font and keymap...
[[0;32m  OK  [0m] Started udev Kernel Device Manager.
[[0;32m  OK  [0m] Started Dispatch Password Requests to Console Directory Watch.
[[0;32m  OK  [0m] Reached target Local Encrypted Volumes.
[[0;32m  OK  [0m] Started Tell Plymouth To Write Out Runtime Data.
[[0;32m  OK  [0m] Started Set console font and keymap.
[[0;32m  OK  [0m] Found device /dev/ttyS0.
[[0;32m  OK  [0m] Started ebtables ruleset management.
[[0;32m  OK  [0m] Listening on Load/Save RF Kill Switch Status /dev/rfkill Watch.
[[0;32m  OK  [0m] Started Flush Journal to Persistent Storage.
         Starting Create Volatile Files and Directories...
[[0;32m  OK  [0m] Started Create Volatile Files and Directories.
         Starting Update UTMP about System Boot/Shutdown...
[[0;32m  OK  [0m] Started Update UTMP about System Boot/Shutdown.
[[0;32m  OK  [0m] Started AppArmor initialization.
         Starting Initial cloud-init job (pre-networking)...
[   28.164856] cloud-init[536]: Cloud-init v. 19.1-1-gbaa47854-0ubuntu1~18.04.1 running 'init-local' at Sun, 12 Jan 2020 23:16:48 +0000. Up 27.54 seconds.
[[0;32m  OK  [0m] Started Initial cloud-init job (pre-networking).
[[0;32m  OK  [0m] Reached target Network (Pre).
         Starting Network Service...
[[0;32m  OK  [0m] Started Network Service.
         Starting Network Name Resolution...
         Starting Wait for Network to be Configured...
[[0;32m  OK  [0m] Started Network Name Resolution.
[[0;32m  OK  [0m] Reached target Network.
[[0;32m  OK  [0m] Reached target Host and Network Name Lookups.
[[0;32m  OK  [0m] Started Wait for Network to be Configured.
         Starting Initial cloud-init job (metadata service crawler)...
[   31.515635] cloud-init[681]: Cloud-init v. 19.1-1-gbaa47854-0ubuntu1~18.04.1 running 'init' at Sun, 12 Jan 2020 23:16:51 +0000. Up 31.02 seconds.
[   31.538175] cloud-init[681]: ci-info: ++++++++++++++++++++++++++++++++++++++Net device info++++++++++++++++++++++++++++++++++++++
[   31.542358] cloud-init[681]: ci-info: +--------+------+----------------------------+---------------+--------+-------------------+
[   31.546504] cloud-init[681]: ci-info: | Device |  Up  |          Address           |      Mask     | Scope  |     Hw-Address    |
[   31.584604] cloud-init[681]: ci-info: +--------+------+----------------------------+---------------+--------+-------------------+
[   31.602695] cloud-init[681]: ci-info: | enp0s3 | True |         10.0.2.15          | 255.255.255.0 | global | 02:9b:34:e4:fb:b3 |
[   31.606808] cloud-init[681]: ci-info: | enp0s3 | True | fe80::9b:34ff:fee4:fbb3/64 |       .       |  link  | 02:9b:34:e4:fb:b3 |
[   31.615844] cloud-init[681]: ci-info: |   lo   | True |         127.0.0.1          |   255.0.0.0   |  host  |         .         |
[   31.622463] cloud-init[681]: ci-info: |   lo   | True |          ::1/128           |       .       |  host  |         .         |
[   31.630353] cloud-init[681]: ci-info: +--------+------+----------------------------+---------------+--------+-------------------+
[   31.649542] cloud-init[681]: ci-info: ++++++++++++++++++++++++++++Route IPv4 info+++++++++++++++++++++++++++++
[   31.652090] cloud-init[681]: ci-info: +-------+-------------+----------+-----------------+-----------+-------+
[   31.657685] cloud-init[681]: ci-info: | Route | Destination | Gateway  |     Genmask     | Interface | Flags |
[   31.668444] cloud-init[681]: ci-info: +-------+-------------+----------+-----------------+-----------+-------+
[   31.671097] cloud-init[681]: ci-info: |   0   |   0.0.0.0   | 10.0.2.2 |     0.0.0.0     |   enp0s3  |   UG  |
[   31.681012] cloud-init[681]: ci-info: |   1   |   10.0.2.0  | 0.0.0.0  |  255.255.255.0  |   enp0s3  |   U   |
[   31.683622] cloud-init[681]: ci-info: |   2   |   10.0.2.2  | 0.0.0.0  | 255.255.255.255 |   enp0s3  |   UH  |
[   31.694048] cloud-init[681]: ci-info: +-------+-------------+----------+-----------------+-----------+-------+
[   31.698417] cloud-init[681]: ci-info: +++++++++++++++++++Route IPv6 info+++++++++++++++++++
[   31.724857] cloud-init[681]: ci-info: +-------+-------------+---------+-----------+-------+
[   31.754685] cloud-init[681]: ci-info: | Route | Destination | Gateway | Interface | Flags |
[   31.762804] cloud-init[681]: ci-info: +-------+-------------+---------+-----------+-------+
[   31.829656] cloud-init[681]: ci-info: |   1   |  fe80::/64  |    ::   |   enp0s3  |   U   |
[   31.858524] cloud-init[681]: ci-info: |   3   |    local    |    ::   |   enp0s3  |   U   |
[   31.893031] cloud-init[681]: ci-info: |   4   |   ff00::/8  |    ::   |   enp0s3  |   U   |
[   31.928815] cloud-init[681]: ci-info: +-------+-------------+---------+-----------+-------+
[[0;32m  OK  [0m] Started Initial cloud-init job (metadata service crawler).
[[0;32m  OK  [0m] Reached target System Initialization.
[[0;32m  OK  [0m] Listening on UUID daemon activation socket.
[[0;32m  OK  [0m] Started ACPI Events Check.
[[0;32m  OK  [0m] Started Daily Cleanup of Temporary Directories.
[[0;32m  OK  [0m] Started Message of the Day.
[[0;32m  OK  [0m] Started Discard unused blocks once a week.
[[0;32m  OK  [0m] Listening on Open-iSCSI iscsid Socket.
[[0;32m  OK  [0m] Listening on ACPID Listen Socket.
         Starting Socket activation for snappy daemon.
[[0;32m  OK  [0m] Started Daily apt upgrade and clean activities.
[[0;32m  OK  [0m] Reached target Timers.
[[0;32m  OK  [0m] Listening on D-Bus System Message Bus Socket.
[[0;32m  OK  [0m] Reached target Paths.
         Starting LXD - unix socket.
[[0;32m  OK  [0m] Reached target Network is Online.
         Starting Availability of block devices...
[[0;32m  OK  [0m] Reached target Remote File Systems (Pre).
[[0;32m  OK  [0m] Reached target Remote File Systems.
[[0;32m  OK  [0m] Reached target Cloud-config availability.
[[0;32m  OK  [0m] Listening on Socket activation for snappy daemon.
[[0;32m  OK  [0m] Listening on LXD - unix socket.
[[0;32m  OK  [0m] Started Availability of block devices.
[[0;32m  OK  [0m] Reached target Sockets.
[[0;32m  OK  [0m] Reached target Basic System.
         Starting LXD - container startup/shutdown...
[[0;32m  OK  [0m] Started D-Bus System Message Bus.
         Starting System Logging Service...
         Starting Virtualbox guest utils...
[[0;32m  OK  [0m] Started irqbalance daemon.
         Starting Accounts Service...
[[0;32m  OK  [0m] Started Regular background program processing daemon.
[[0;32m  OK  [0m] Started Deferred execution scheduler.
         Starting LSB: automatic crash report generation...
         Starting Dispatcher daemon for systemd-networkd...
         Starting Daily apt upgrade and clean activities...
[[0;32m  OK  [0m] Started FUSE filesystem for LXC.
         Starting LSB: Record successful boot for GRUB...
         Starting Login Service...
         Starting Permit User Sessions...
         Starting Snappy daemon...
         Starting OpenBSD Secure Shell server...
[[0;32m  OK  [0m] Started System Logging Service.
[[0;32m  OK  [0m] Started Permit User Sessions.
[[0;32m  OK  [0m] Started Login Service.
[[0;32m  OK  [0m] Started Unattended Upgrades Shutdown.
         Starting Authorization Manager...
         Starting Hold until boot process finishes up...
         Starting Terminate Plymouth Boot Screen...
[[0;32m  OK  [0m] Started Hold until boot process finishes up.
[[0;32m  OK  [0m] Started Serial Getty on ttyS0.
         Starting Set console scheme...
[[0;32m  OK  [0m] Started Terminate Plymouth Boot Screen.
[[0;32m  OK  [0m] Started Set console scheme.
[[0;32m  OK  [0m] Created slice system-getty.slice.
[[0;32m  OK  [0m] Started Getty on tty1.
[[0;32m  OK  [0m] Reached target Login Prompts.
[[0;32m  OK  [0m] Started LSB: Record successful boot for GRUB.
[[0;32m  OK  [0m] Started LSB: automatic crash report generation.
[[0;32m  OK  [0m] Started Authorization Manager.
[[0;32m  OK  [0m] Started Accounts Service.
[[0;32m  OK  [0m] Started Virtualbox guest utils.
[[0;32m  OK  [0m] Started Dispatcher daemon for systemd-networkd.
[[0;32m  OK  [0m] Started OpenBSD Secure Shell server.
[[0;32m  OK  [0m] Started LXD - container startup/shutdown.
[[0;32m  OK  [0m] Created slice User Slice of vagrant.
[[0;32m  OK  [0m] Started Session 1 of user vagrant.
         Starting User Manager for UID 1000...
[[0;32m  OK  [0m] Started Snappy daemon.
         Starting Wait until snapd is fully seeded...
[[0;32m  OK  [0m] Started Wait until snapd is fully seeded.
         Starting Apply the settings specified in cloud-config...
[[0;32m  OK  [0m] Reached target Multi-User System.
[[0;32m  OK  [0m] Reached target Graphical Interface.
         Starting Update UTMP about System Runlevel Changes...
[[0;32m  OK  [0m] Started Update UTMP about System Runlevel Changes.

Ubuntu 18.04.2 LTS ubuntu-bionic ttyS0

ubuntu-bionic login: [   42.060483] cloud-init[1237]: Cloud-init v. 19.1-1-gbaa47854-0ubuntu1~18.04.1 running 'modules:config' at Sun, 12 Jan 2020 23:17:01 +0000. Up 41.02 seconds.
[   43.699066] cloud-init[1325]: Cloud-init v. 19.1-1-gbaa47854-0ubuntu1~18.04.1 running 'modules:final' at Sun, 12 Jan 2020 23:17:03 +0000. Up 43.29 seconds.
[   43.699451] cloud-init[1325]: Cloud-init v. 19.1-1-gbaa47854-0ubuntu1~18.04.1 finished at Sun, 12 Jan 2020 23:17:04 +0000. Datasource DataSourceNoCloud [seed=/dev/sdb][dsmode=net].  Up 43.68 seconds
